-------------------------------------------------------------------------------
Test set: TestSuite
-------------------------------------------------------------------------------
Tests run: 19, Failures: 1, Errors: 0, Skipped: 1, Time elapsed: 16.82 sec <<< FAILURE!
openBrowserAndAppURL(testngsamples.Actitime_DependsOn)  Time elapsed: 0.005 sec  <<< FAILURE!
java.lang.ArithmeticException: / by zero
	at testngsamples.Actitime_DependsOn.openBrowserAndAppURL(Actitime_DependsOn.java:7)

